<?xml version="1.0" encoding="UTF-8"?>
<testsuite xmlns:xsi="http://www.w3.org/2001/XMLSchema-instance" xsi:noNamespaceSchemaLocation="https://maven.apache.org/surefire/maven-surefire-plugin/xsd/surefire-test-report-3.0.xsd" version="3.0" name="TestSuite" time="0.313" tests="22" errors="0" skipped="0" failures="0">
  <properties>
[...]
</properties>
  <testcase name="getAgeManTest" classname="GetsetTests" time="0.003">
    <system-err><![CDATA[SLF4J: Failed to load class "org.slf4j.impl.StaticLoggerBinder".
SLF4J: Defaulting to no-operation (NOP) logger implementation
SLF4J: See http://www.slf4j.org/codes.html#StaticLoggerBinder for further details.
]]></system-err>
  </testcase>
  <testcase name="getAgeWomenTest" classname="GetsetTests" time="0"/>
  <testcase name="getFirstNameManTest" classname="GetsetTests" time="0"/>
  <testcase name="getFirstNameWomenTest" classname="GetsetTests" time="0"/>
  <testcase name="getLastNameManTest" classname="GetsetTests" time="0.001"/>
  <testcase name="getLastNameWomenTest" classname="GetsetTests" time="0"/>
  <testcase name="getPartnerManTest" classname="GetsetTests" time="0"/>
  <testcase name="getPartnerWomenTest" classname="GetsetTests" time="0"/>
  <testcase name="getPreviousLastnameWomenTest" classname="GetsetTests" time="0.001"/>
  <testcase name="setAgeManTest" classname="GetsetTests" time="0"/>
  <testcase name="setAgeWomenTest" classname="GetsetTests" time="0.001"/>
  <testcase name="setFirstNameManTest" classname="GetsetTests" time="0"/>
  <testcase name="setFirstNameWomenTest" classname="GetsetTests" time="0.001"/>
  <testcase name="setLastNameManTest" classname="GetsetTests" time="0.001"/>
  <testcase name="setLastNameWomenTest" classname="GetsetTests" time="0"/>
  <testcase name="setPartnerManTest" classname="GetsetTests" time="0"/>
  <testcase name="setPartnerWomenTest" classname="GetsetTests" time="0"/>
  <testcase name="setPreviousLastNameWomenTest" classname="GetsetTests" time="0"/>
  <testcase name="testDeregisterPartnership" classname="MethodTests" time="0.001"/>
  <testcase name="testIfManRetired" classname="MethodTests" time="0"/>
  <testcase name="testIfWomenRetired" classname="MethodTests" time="0"/>
  <testcase name="testRegisterPartnership" classname="MethodTests" time="0"/>
</testsuite>