<?xml version="1.0" encoding="UTF-8"?>
<!-- Generated by org.testng.reporters.JUnitReportReporter -->
<testsuite hostname="DESKTOP-H2QR10P" failures="0" tests="4" name="MethodTests" time="0.000" errors="0" timestamp="2023-05-30T15:14:13 EEST" skipped="0">
  <testcase classname="MethodTests" name="testIfWomenRetired" time="0.000"/>
  <system-out/>
  <testcase classname="MethodTests" name="testIfManRetired" time="0.000"/>
  <system-out/>
  <testcase classname="MethodTests" name="testRegisterPartnership" time="0.000"/>
  <system-out/>
  <testcase classname="MethodTests" name="testDeregisterPartnership" time="0.000"/>
  <system-out/>
</testsuite> <!-- MethodTests -->
