<?xml version="1.0" encoding="UTF-8"?>
<!-- Generated by org.testng.reporters.JUnitXMLReporter -->
<testsuite ignored="0" hostname="DESKTOP-H2QR10P" failures="0" tests="22" name="All tests" time="0.039" errors="0" timestamp="2023-05-30T15:14:13 EEST">
  <testcase classname="GetsetTests" name="getAgeManTest" time="0.004"/>
  <testcase classname="GetsetTests" name="getAgeWomenTest" time="0.0"/>
  <testcase classname="GetsetTests" name="getFirstNameManTest" time="0.0"/>
  <testcase classname="GetsetTests" name="getFirstNameWomenTest" time="0.001"/>
  <testcase classname="GetsetTests" name="getLastNameManTest" time="0.0"/>
  <testcase classname="GetsetTests" name="getLastNameWomenTest" time="0.0"/>
  <testcase classname="GetsetTests" name="getPartnerManTest" time="0.0"/>
  <testcase classname="GetsetTests" name="getPartnerWomenTest" time="0.0"/>
  <testcase classname="GetsetTests" name="getPreviousLastnameWomenTest" time="0.0"/>
  <testcase classname="GetsetTests" name="setAgeManTest" time="0.0"/>
  <testcase classname="GetsetTests" name="setAgeWomenTest" time="0.0"/>
  <testcase classname="GetsetTests" name="setFirstNameManTest" time="0.0"/>
  <testcase classname="GetsetTests" name="setFirstNameWomenTest" time="0.0"/>
  <testcase classname="GetsetTests" name="setLastNameManTest" time="0.0"/>
  <testcase classname="GetsetTests" name="setLastNameWomenTest" time="0.0"/>
  <testcase classname="GetsetTests" name="setPartnerManTest" time="0.0"/>
  <testcase classname="GetsetTests" name="setPartnerWomenTest" time="0.0"/>
  <testcase classname="GetsetTests" name="setPreviousLastNameWomenTest" time="0.001"/>
  <testcase classname="MethodTests" name="testDeregisterPartnership" time="0.0"/>
  <testcase classname="MethodTests" name="testIfManRetired" time="0.0"/>
  <testcase classname="MethodTests" name="testIfWomenRetired" time="0.0"/>
  <testcase classname="MethodTests" name="testRegisterPartnership" time="0.0"/>
</testsuite> <!-- All tests -->
